Arguments: 
  C:\Program Files\nodejs\node.exe C:\Users\10907\AppData\Roaming\npm\node_modules\yarn\bin\yarn.js build

PATH: 
  C:\Windows\System32\HWAudioDriverLibs;C:\Windows\system32;C:\Windows;C:\Windows\System32\Wbem;C:\Windows\System32\WindowsPowerShell\v1.0\;C:\Windows\System32\OpenSSH\;C:\Users\Administrator\AppData\Local\Microsoft\WindowsApps;C:\Users\10907\AppData\Roaming\npm;D:\Android\Sdk\platform-tools;D:\Android\Sdk\emulator;D:\Android\Sdk\tools;D:\Android\Sdk\tools\bin;C:\Program Files\Git\cmd;C:\Users\10907\AppData\Roaming\nvm;C:\Windows\system32\config\systemprofile\AppData\Local\Microsoft\WindowsApps;C:\windows\system32\HWAudioDriver\;C:\Program Files\dotnet\;%NVM_HOME%;%NVM_SYMLINK%;C:\Users\10907\.console-ninja\.bin;C:\Users\10907\AppData\Local\Microsoft\WindowsApps;D:\Users\10907\AppData\Local\Programs\Microsoft VS Code\bin;C:\Users\10907\AppData\Roaming\npm;D:\nvm;C:\Program Files\nodejs

Yarn version: 
  1.22.19

Node version: 
  22.3.0

Platform: 
  win32 x64

Trace: 
  TypeError [ERR_INVALID_ARG_VALUE]: The argument 'file' cannot be empty. Received ''
      at normalizeSpawnArguments (node:child_process:551:11)
      at Object.spawn (node:child_process:753:13)
      at C:\Users\10907\AppData\Roaming\npm\node_modules\yarn\lib\cli.js:25732:24
      at new Promise (<anonymous>)
      at new F (C:\Users\10907\AppData\Roaming\npm\node_modules\yarn\lib\cli.js:5305:28)
      at C:\Users\10907\AppData\Roaming\npm\node_modules\yarn\lib\cli.js:25729:12
      at run (C:\Users\10907\AppData\Roaming\npm\node_modules\yarn\lib\cli.js:43184:7)
      at BlockingQueue.maybePushConcurrencyQueue (C:\Users\10907\AppData\Roaming\npm\node_modules\yarn\lib\cli.js:43199:7)
      at BlockingQueue.shift (C:\Users\10907\AppData\Roaming\npm\node_modules\yarn\lib\cli.js:43194:10)
      at C:\Users\10907\AppData\Roaming\npm\node_modules\yarn\lib\cli.js:43138:15

npm manifest: 
  {
    "name": "webpack001",
    "version": "1.0.0",
    "description": "",
    "main": "index.js",
    "scripts": {
      "test": "echo \"Error: no test specified\" && exit 1",
      "prebuild": "",
      "build": "webpack --config webpack.config.js",
      "dev": "webpack server --config webpack.config.js"
    },
    "keywords": [],
    "author": "",
    "license": "ISC",
    "devDependencies": {
      "autoprefixer": "^10.4.19",
      "css-entry-webpack-plugin": "^1.0.0-beta.4",
      "css-loader": "^7.1.2",
      "cssnano": "^7.0.4",
      "html-loader": "^5.0.0",
      "html-webpack-plugin": "^5.6.0",
      "less-loader": "^12.2.0",
      "mini-css-extract-plugin": "^2.9.0",
      "postcss-cli": "^11.0.0",
      "postcss-loader": "^8.1.1",
      "postcss-nested": "^6.0.1",
      "postcss-preset-env": "^9.6.0",
      "style-loader": "^4.0.0",
      "webpack": "^5.93.0",
      "webpack-cli": "^5.1.4",
      "webpack-dev-server": "^5.0.4"
    }
  }

yarn manifest: 
  No manifest

Lockfile: 
  No lockfile
